[DEBUG] 2020-12-17 02:01:00.612 log.go:206 log.Init: Debug log print begin
[INFO] 2020-12-17 02:01:00.612 log.go:207 log.Init: Info log print begin
[WARN] 2020-12-17 02:01:00.612 log.go:209 log.Init: Warn log print begin
[INFO] 2020-12-17 02:01:00.612 initLog.go:15 log.InitLog: Log init success
[DEBUG] 2020-12-17 02:01:00.612 main.go:22 main.main: init log success!
[DEBUG] 2020-12-17 02:01:00.612 main.go:25 main.main: init config success, conf:[&{{127.0.0.1 8092} {127.0.0.1 3306 root hanitt5477 codecov} {127.0.0.1:6379  8 0 300 3 proxy2layer} {127.0.0.1:6379  8 0 300 2} {127.0.0.1:2379  5 sec_info} {debug} 20 20 20 100000 100000 30 100 100 map[] zhe-ge-mi-yao-fei-chang-zhuan-ye}]
[DEBUG] 2020-12-17 02:01:00.614 init.go:23 service.InitEtcd: connect to etcd success!
[DEBUG] 2020-12-17 02:01:00.614 init.go:23 service.InitEtcd: connect to etcd success!
[DEBUG] 2020-12-17 02:01:00.616 product.go:37 service.LoadProductFromEtcd: get product info success, data:[{1 1606407347 1606493747 0 10000 10000 0 0 0 0xc00010e4f0} {2 1606407347 1606493747 0 10000 9999 0 0 0 0xc00010e500}]
[DEBUG] 2020-12-17 02:01:00.616 product.go:39 service.LoadProductFromEtcd: init etcd watch success!
[DEBUG] 2020-12-17 02:01:00.616 init.go:47 service.InitSecLayer: load product from etcd success!
[DEBUG] 2020-12-17 02:01:00.616 main.go:33 main.main: init sec kill success!
[DEBUG] 2020-12-17 02:01:00.616 redis.go:85 service.HandleReader: read goroutine running
[DEBUG] 2020-12-17 02:01:00.616 redis.go:85 service.HandleReader: read goroutine running
[DEBUG] 2020-12-17 02:01:00.616 redis.go:77 service.RunProcess: all process goroutine started
[DEBUG] 2020-12-17 02:01:00.616 redis.go:145 service.HandleUser: handle user running
[DEBUG] 2020-12-17 02:01:00.616 redis.go:85 service.HandleReader: read goroutine running
[DEBUG] 2020-12-17 02:01:00.616 redis.go:85 service.HandleReader: read goroutine running
[DEBUG] 2020-12-17 02:01:00.616 redis.go:85 service.HandleReader: read goroutine running
[DEBUG] 2020-12-17 02:01:00.616 redis.go:85 service.HandleReader: read goroutine running
[DEBUG] 2020-12-17 02:01:00.616 redis.go:85 service.HandleReader: read goroutine running
[DEBUG] 2020-12-17 02:01:00.616 redis.go:85 service.HandleReader: read goroutine running
[DEBUG] 2020-12-17 02:01:00.616 redis.go:85 service.HandleReader: read goroutine running
[DEBUG] 2020-12-17 02:01:00.616 redis.go:85 service.HandleReader: read goroutine running
[DEBUG] 2020-12-17 02:01:00.616 redis.go:85 service.HandleReader: read goroutine running
[DEBUG] 2020-12-17 02:01:00.616 redis.go:120 service.HandleWrite: handle write running
[DEBUG] 2020-12-17 02:01:00.616 redis.go:85 service.HandleReader: read goroutine running
[DEBUG] 2020-12-17 02:01:00.616 redis.go:85 service.HandleReader: read goroutine running
[DEBUG] 2020-12-17 02:01:00.616 redis.go:85 service.HandleReader: read goroutine running
[DEBUG] 2020-12-17 02:01:00.616 redis.go:120 service.HandleWrite: handle write running
[DEBUG] 2020-12-17 02:01:00.616 redis.go:85 service.HandleReader: read goroutine running
[DEBUG] 2020-12-17 02:01:00.616 redis.go:120 service.HandleWrite: handle write running
[DEBUG] 2020-12-17 02:01:00.616 redis.go:85 service.HandleReader: read goroutine running
[DEBUG] 2020-12-17 02:01:00.616 redis.go:120 service.HandleWrite: handle write running
[DEBUG] 2020-12-17 02:01:00.616 redis.go:120 service.HandleWrite: handle write running
[DEBUG] 2020-12-17 02:01:00.616 redis.go:120 service.HandleWrite: handle write running
[DEBUG] 2020-12-17 02:01:00.616 redis.go:120 service.HandleWrite: handle write running
[DEBUG] 2020-12-17 02:01:00.616 redis.go:85 service.HandleReader: read goroutine running
[DEBUG] 2020-12-17 02:01:00.616 redis.go:120 service.HandleWrite: handle write running
[DEBUG] 2020-12-17 02:01:00.616 redis.go:120 service.HandleWrite: handle write running
[DEBUG] 2020-12-17 02:01:00.616 redis.go:145 service.HandleUser: handle user running
[DEBUG] 2020-12-17 02:01:00.616 redis.go:145 service.HandleUser: handle user running
[DEBUG] 2020-12-17 02:01:00.616 redis.go:145 service.HandleUser: handle user running
[DEBUG] 2020-12-17 02:01:00.616 redis.go:145 service.HandleUser: handle user running
[DEBUG] 2020-12-17 02:01:00.616 redis.go:145 service.HandleUser: handle user running
[DEBUG] 2020-12-17 02:01:00.616 redis.go:145 service.HandleUser: handle user running
[DEBUG] 2020-12-17 02:01:00.616 redis.go:145 service.HandleUser: handle user running
[DEBUG] 2020-12-17 02:01:00.616 redis.go:145 service.HandleUser: handle user running
[DEBUG] 2020-12-17 02:01:00.617 redis.go:145 service.HandleUser: handle user running
[DEBUG] 2020-12-17 02:01:00.617 redis.go:145 service.HandleUser: handle user running
[DEBUG] 2020-12-17 02:01:00.617 redis.go:145 service.HandleUser: handle user running
[DEBUG] 2020-12-17 02:01:00.617 redis.go:145 service.HandleUser: handle user running
[DEBUG] 2020-12-17 02:01:00.617 redis.go:145 service.HandleUser: handle user running
[DEBUG] 2020-12-17 02:01:00.617 redis.go:145 service.HandleUser: handle user running
[DEBUG] 2020-12-17 02:01:00.617 redis.go:145 service.HandleUser: handle user running
[DEBUG] 2020-12-17 02:01:00.617 redis.go:145 service.HandleUser: handle user running
[DEBUG] 2020-12-17 02:01:00.617 redis.go:145 service.HandleUser: handle user running
[DEBUG] 2020-12-17 02:01:00.617 redis.go:145 service.HandleUser: handle user running
[DEBUG] 2020-12-17 02:01:00.617 redis.go:145 service.HandleUser: handle user running
[DEBUG] 2020-12-17 02:01:00.617 redis.go:85 service.HandleReader: read goroutine running
[DEBUG] 2020-12-17 02:01:00.617 redis.go:85 service.HandleReader: read goroutine running
[DEBUG] 2020-12-17 02:01:00.617 redis.go:85 service.HandleReader: read goroutine running
[DEBUG] 2020-12-17 02:01:00.617 redis.go:120 service.HandleWrite: handle write running
[DEBUG] 2020-12-17 02:01:00.617 redis.go:120 service.HandleWrite: handle write running
[DEBUG] 2020-12-17 02:01:00.617 redis.go:120 service.HandleWrite: handle write running
[DEBUG] 2020-12-17 02:01:00.617 redis.go:120 service.HandleWrite: handle write running
[DEBUG] 2020-12-17 02:01:00.617 redis.go:120 service.HandleWrite: handle write running
[DEBUG] 2020-12-17 02:01:00.617 redis.go:120 service.HandleWrite: handle write running
[DEBUG] 2020-12-17 02:01:00.617 redis.go:120 service.HandleWrite: handle write running
[DEBUG] 2020-12-17 02:01:00.617 redis.go:120 service.HandleWrite: handle write running
[DEBUG] 2020-12-17 02:01:00.617 redis.go:120 service.HandleWrite: handle write running
[DEBUG] 2020-12-17 02:01:00.617 redis.go:120 service.HandleWrite: handle write running
[DEBUG] 2020-12-17 02:01:00.617 redis.go:120 service.HandleWrite: handle write running
